2026-04-20 15:06:17,088 | INFO | === Full Pipeline Start ===
2026-04-20 15:06:17,200 | INFO | [SOURCE: vessels] rows=16065 non_null_pct=95.17
2026-04-20 15:06:18,203 | INFO | [FEATURE TABLE: Maritime Activity]
2026-04-20 15:06:18,203 | INFO | Feature                      Description                                      Stats
2026-04-20 15:06:18,203 | INFO | ------------------------------------------------------------------------------------------------------------
2026-04-20 15:06:18,203 | INFO | vessel_density               AIS/EMODnet vessel density proxy                 mean=0.5255, std=1.8281, coverage=75.9%
2026-04-20 15:06:18,203 | INFO | total_density                Total traffic density aggregate                  missing
2026-04-20 15:06:18,203 | INFO | density_total_log            Log-transformed vessel density                   missing
2026-04-20 15:06:18,203 | INFO | seasonal_metrics             Seasonal activity indicators                     missing
2026-04-20 15:06:18,204 | INFO | [SOURCE: no2] Starting extraction
2026-04-20 15:06:18,409 | INFO | [SOURCE: no2] reusing existing aux artifact: /Users/sameedahmed/Documents/Playground/data/aux/no2_grid_week.parquet (use --force-refresh to re-extract)
2026-04-20 15:06:18,422 | INFO | [SOURCE: no2] rows=16065 non_null_pct=94.95 constant_cols=0
2026-04-20 15:06:18,766 | INFO | [FEATURE TABLE: Atmospheric]
2026-04-20 15:06:18,766 | INFO | Feature                      Description                                      Stats
2026-04-20 15:06:18,766 | INFO | ------------------------------------------------------------------------------------------------------------
2026-04-20 15:06:18,766 | INFO | NO2 mean                     Weekly tropospheric NO2 mean                     mean=0.0000, std=0.0000, coverage=89.9%
2026-04-20 15:06:18,766 | INFO | NO2 variability              Weekly NO2 variability (std)                     mean=0.0000, std=0.0000, coverage=89.9%
2026-04-20 15:06:18,766 | INFO | Sentinel-1 disturbance proxy Dark-water anomaly probability/count             missing
2026-04-20 15:06:18,766 | INFO | [SOURCE: sentinel1] Starting extraction
2026-04-20 15:06:18,767 | INFO | [SOURCE: sentinel1] reusing existing aux artifact: /Users/sameedahmed/Documents/Playground/data/aux/sentinel1_oil_slicks.parquet (use --force-refresh to re-extract)
2026-04-20 15:06:18,780 | INFO | [SOURCE: sentinel1] rows=16065 non_null_pct=84.55 constant_cols=0
2026-04-20 15:06:19,074 | INFO | [FEATURE TABLE: Atmospheric]
2026-04-20 15:06:19,074 | INFO | Feature                      Description                                      Stats
2026-04-20 15:06:19,074 | INFO | ------------------------------------------------------------------------------------------------------------
2026-04-20 15:06:19,074 | INFO | NO2 mean                     Weekly tropospheric NO2 mean                     missing
2026-04-20 15:06:19,074 | INFO | NO2 variability              Weekly NO2 variability (std)                     missing
2026-04-20 15:06:19,074 | INFO | Sentinel-1 disturbance proxy Dark-water anomaly probability/count             mean=0.2143, std=0.2551, coverage=38.2%
2026-04-20 15:06:19,074 | INFO | [SOURCE: sentinel2_water_quality] Starting extraction
[EE] Initialization successful
[EE][ERROR] context=s2.reduceRegions week=2023-10-15 attempt=1/3 error=EEException('Too Many Requests: Request was rejected because the request rate or concurrency limit was exceeded.'[EE][TIMEOUT] context=s2.reduceRegions week=2023-12-17 attempt=1/3
{
  "sentinel2_water_quality_validation": {
    "number_of_grid_week_observations": 16065,
    "expected_grid_week_pairs": 16065,
    "coverage_percent": 18.2322,
    "per_band_valid_counts": {
      "ndwi": 2929,
      "ndti": 2929,
      "ndci": 2929,
      "fai": 2929,
      "b11": 2929
    },
    "n_grids": 315,
    "n_weeks": 51,
    "cloud_cover_threshold": 60,
    "reduce_scale_m": 60,
    "collection_limit_per_week": 500,
    "data_policy": "GEE reducers only; no interpolation or synthetic water-quality filling"
  }
}
Wrote /Users/sameedahmed/Documents/Playground/data/aux/sentinel2_water_quality.parquet
2026-04-20 15:59:44,869 | INFO | [SOURCE: sentinel2_water_quality] rows=16065 non_null_pct=27.85 constant_cols=0
2026-04-20 15:59:45,791 | INFO | [FEATURE TABLE: Water Quality]
2026-04-20 15:59:45,791 | INFO | Feature                      Description                                      Stats
2026-04-20 15:59:45,791 | INFO | ------------------------------------------------------------------------------------------------------------
2026-04-20 15:59:45,791 | INFO | NDCI                         Normalized Difference Chlorophyll Index          mean=0.0383, std=0.1419, coverage=18.2%
2026-04-20 15:59:45,791 | INFO | NDTI                         Normalized Difference Turbidity Index            mean=-0.1375, std=0.1474, coverage=18.2%
2026-04-20 15:59:45,791 | INFO | NDWI                         Normalized Difference Water Index                mean=0.0588, std=0.3491, coverage=18.2%
2026-04-20 15:59:45,791 | INFO | B4/B3                        Red/Green reflectance ratio proxy                missing
2026-04-20 15:59:45,791 | INFO | FAI                          Floating Algae Index                             mean=0.0480, std=0.0680, coverage=18.2%
2026-04-20 15:59:45,791 | INFO | SWIR B11                     Sentinel-2 SWIR band 11                          mean=0.1004, std=0.1308, coverage=18.2%
2026-04-20 15:59:45,791 | INFO | SST                          Sea Surface Temperature                          missing
2026-04-20 15:59:45,791 | INFO | [MERGE] Starting source alignment and merge
2026-04-20 15:59:45,802 | INFO | [MERGE] Included source=vessels rows=16065
2026-04-20 15:59:45,815 | INFO | [MERGE] Included source=no2 rows=16065
2026-04-20 15:59:45,825 | INFO | [MERGE] Included source=sentinel1 rows=16065
2026-04-20 15:59:45,838 | INFO | [MERGE] Included source=sentinel2_water_quality rows=16065
2026-04-20 15:59:45,850 | INFO | [MERGE] Wrote /Users/sameedahmed/Documents/Playground/processed/merged_dataset.parquet with 16065 rows
2026-04-20 15:59:45,851 | INFO | [FEATURES] Building global ML-ready features
2026-04-20 15:59:45,870 | INFO | [FEATURES] Wrote /Users/sameedahmed/Documents/Playground/processed/features_ml_ready.parquet with 16065 rows and 29 cols
2026-04-20 15:59:46,639 | INFO | [VALIDATION] Completed validate_aux_layers checks
2026-04-20 15:59:46,640 | INFO | [VALIDATION] Wrote /Users/sameedahmed/Documents/Playground/data/validation/full_pipeline_validation_report.json
[OK] EDA stats saved: /Users/sameedahmed/Documents/Playground/outputs/eda/eda_stats.json
[OK] EDA summary saved: /Users/sameedahmed/Documents/Playground/outputs/eda_summary.md
[OK] Plots saved in: /Users/sameedahmed/Documents/Playground/outputs/eda
2026-04-20 15:59:47,188 | INFO | [EDA] EDA report completed
[CORRELATION][DEBUG] total columns loaded: 29
[CORRELATION][DEBUG] numeric columns found: ['detection_score', 'NO2_mean', 'vessel_density', 'ndwi_mean', 'ndti_mean', 'ndci_mean', 'fai_mean', 'b11_mean']
[CORRELATION][DEBUG] excluded non-numeric: []
[CORRELATION][DEBUG] excluded all-NaN: ['VV_mean', 'VH_mean', 'VV_VH_ratio']
[CORRELATION][DEBUG] excluded zero-variance: []
[CORRELATION][DEBUG] final selected features: ['detection_score', 'NO2_mean', 'vessel_density', 'ndwi_mean', 'ndti_mean', 'ndci_mean', 'fai_mean', 'b11_mean']
[CORRELATION SUMMARY]
Top Pearson correlations:
  ndwi_mean vs ndci_mean -> -0.8436 (spurious)
  ndwi_mean vs fai_mean -> -0.7747 (spurious)
  ndci_mean vs fai_mean -> 0.7635 (spurious)
  ndti_mean vs b11_mean -> 0.7003 (spurious)
  ndwi_mean vs ndti_mean -> -0.6797 (spurious)
Top Spearman correlations:
  ndwi_mean vs ndci_mean -> -0.8759 (spurious)
  ndwi_mean vs b11_mean -> -0.8422 (spurious)
  ndci_mean vs fai_mean -> 0.7957 (spurious)
  ndwi_mean vs fai_mean -> -0.7890 (spurious)
  ndci_mean vs b11_mean -> 0.7281 (spurious)
Priority key relationships:
  detection_score vs vessel_density -> pearson=-0.0997, spearman=-0.0206 (spurious)
  detection_score vs VV_VH_ratio -> unavailable (missing column)
  detection_score vs NO2_mean -> pearson=-0.1632, spearman=-0.2795 (weak)
[WARN] Low coverage for detection_score_vs_fai_mean: 6.2%
[WARN] Sign instability across time windows for detection_score_vs_fai_mean.
[WARN] Low coverage for detection_score_vs_ndci_mean: 6.2%
[WARN] Sign instability across time windows for detection_score_vs_ndci_mean.
[WARN] Low coverage for detection_score_vs_ndwi_mean: 6.2%
[WARN] Sign instability across time windows for detection_score_vs_ndwi_mean.
[WARN] Low coverage for detection_score_vs_b11_mean: 6.2%
[WARN] Sign instability across time windows for detection_score_vs_b11_mean.
[WARN] Low coverage for detection_score_vs_NO2_mean: 34.6%
[WARN] Sign instability across time windows for detection_score_vs_NO2_mean.
[WARN] Low coverage for detection_score_vs_ndti_mean: 6.2%
[WARN] Sign instability across time windows for detection_score_vs_ndti_mean.
[WARN] Low coverage for detection_score_vs_vessel_density: 29.7%
[WARN] Sign instability across time windows for detection_score_vs_vessel_density.

[OK] Pearson saved: /Users/sameedahmed/Documents/Playground/outputs/reports/pearson_correlation.csv
[OK] Spearman saved: /Users/sameedahmed/Documents/Playground/outputs/reports/spearman_correlation.csv
[OK] Evaluation saved: /Users/sameedahmed/Documents/Playground/outputs/reports/correlation_evaluation.csv
[OK] Correlation plots saved: /Users/sameedahmed/Documents/Playground/outputs/plots/correlations
2026-04-20 15:59:48,399 | INFO | [CORRELATION] Correlation analysis completed
2026-04-20 15:59:49,005 | INFO | [FEATURE_INTERACTION] Wrote ranked interactions: outputs/reports/feature_interactions_ranked.csv
2026-04-20 15:59:49,005 | INFO | [FEATURE_INTERACTION] Wrote interaction map: outputs/plots/feature_interaction_map.png
2026-04-20 15:59:49,005 | INFO | [FEATURE_INTERACTION] Completed
2026-04-20 15:59:49,049 | INFO | [TEMPORAL STABILITY] vessel_density vs no2_mean stability computed
2026-04-20 15:59:49,088 | INFO | [TEMPORAL STABILITY] vessel_density vs sentinel_disturbance stability computed
/Users/sameedahmed/Documents/Playground/src/analysis/scientific_validation.py:103: FutureWarning: DataFrameGroupBy.apply operated on the grouping columns. This behavior is deprecated, and in a future version of pandas the grouping columns will be excluded from the operation. Either pass `include_groups=False` to exclude the groupings or explicitly select the grouping columns after groupby to silence this warning.
  .apply(
/Users/sameedahmed/Documents/Playground/src/analysis/scientific_validation.py:103: FutureWarning: DataFrameGroupBy.apply operated on the grouping columns. This behavior is deprecated, and in a future version of pandas the grouping columns will be excluded from the operation. Either pass `include_groups=False` to exclude the groupings or explicitly select the grouping columns after groupby to silence this warning.
  .apply(
/Users/sameedahmed/Documents/Playground/src/analysis/scientific_validation.py:103: FutureWarning: DataFrameGroupBy.apply operated on the grouping columns. This behavior is deprecated, and in a future version of pandas the grouping columns will be excluded from the operation. Either pass `include_groups=False` to exclude the groupings or explicitly select the grouping columns after groupby to silence this warning.
  .apply(
/Users/sameedahmed/Documents/Playground/src/analysis/scientific_validation.py:103: FutureWarning: DataFrameGroupBy.apply operated on the grouping columns. This behavior is deprecated, and in a future version of pandas the grouping columns will be excluded from the operation. Either pass `include_groups=False` to exclude the groupings or explicitly select the grouping columns after groupby to silence this warning.
  .apply(
/Users/sameedahmed/Documents/Playground/src/analysis/scientific_validation.py:103: FutureWarning: DataFrameGroupBy.apply operated on the grouping columns. This behavior is deprecated, and in a future version of pandas the grouping columns will be excluded from the operation. Either pass `include_groups=False` to exclude the groupings or explicitly select the grouping columns after groupby to silence this warning.
  .apply(
/Users/sameedahmed/Documents/Playground/src/analysis/scientific_validation.py:103: FutureWarning: DataFrameGroupBy.apply operated on the grouping columns. This behavior is deprecated, and in a future version of pandas the grouping columns will be excluded from the operation. Either pass `include_groups=False` to exclude the groupings or explicitly select the grouping columns after groupby to silence this warning.
  .apply(
2026-04-20 15:59:49,265 | INFO | [LAG ANALYSIS] Best lag for vessel_density → NO2_mean = 4 weeks
/Users/sameedahmed/Documents/Playground/src/analysis/scientific_validation.py:103: FutureWarning: DataFrameGroupBy.apply operated on the grouping columns. This behavior is deprecated, and in a future version of pandas the grouping columns will be excluded from the operation. Either pass `include_groups=False` to exclude the groupings or explicitly select the grouping columns after groupby to silence this warning.
  .apply(
/Users/sameedahmed/Documents/Playground/src/analysis/scientific_validation.py:103: FutureWarning: DataFrameGroupBy.apply operated on the grouping columns. This behavior is deprecated, and in a future version of pandas the grouping columns will be excluded from the operation. Either pass `include_groups=False` to exclude the groupings or explicitly select the grouping columns after groupby to silence this warning.
  .apply(
/Users/sameedahmed/Documents/Playground/src/analysis/scientific_validation.py:103: FutureWarning: DataFrameGroupBy.apply operated on the grouping columns. This behavior is deprecated, and in a future version of pandas the grouping columns will be excluded from the operation. Either pass `include_groups=False` to exclude the groupings or explicitly select the grouping columns after groupby to silence this warning.
  .apply(
/Users/sameedahmed/Documents/Playground/src/analysis/scientific_validation.py:103: FutureWarning: DataFrameGroupBy.apply operated on the grouping columns. This behavior is deprecated, and in a future version of pandas the grouping columns will be excluded from the operation. Either pass `include_groups=False` to exclude the groupings or explicitly select the grouping columns after groupby to silence this warning.
  .apply(
/Users/sameedahmed/Documents/Playground/src/analysis/scientific_validation.py:103: FutureWarning: DataFrameGroupBy.apply operated on the grouping columns. This behavior is deprecated, and in a future version of pandas the grouping columns will be excluded from the operation. Either pass `include_groups=False` to exclude the groupings or explicitly select the grouping columns after groupby to silence this warning.
  .apply(
/Users/sameedahmed/Documents/Playground/src/analysis/scientific_validation.py:103: FutureWarning: DataFrameGroupBy.apply operated on the grouping columns. This behavior is deprecated, and in a future version of pandas the grouping columns will be excluded from the operation. Either pass `include_groups=False` to exclude the groupings or explicitly select the grouping columns after groupby to silence this warning.
  .apply(
2026-04-20 15:59:49,428 | INFO | [LAG ANALYSIS] Best lag for vessel_density → detection_score = 0 weeks
2026-04-20 15:59:50,153 | INFO | [ML BASELINE] Feature importance computed for target: NO2_mean
2026-04-20 15:59:50,154 | INFO | [SCIENTIFIC VALIDATION] Completed
2026-04-20 15:59:50,773 | INFO | [ANOMALY] Wrote anomaly scores: outputs/reports/anomaly_scores.csv
2026-04-20 15:59:50,774 | INFO | [ANOMALY] Completed
2026-04-20 15:59:51,256 | INFO | [COASTAL IMPACT] Wrote score report: outputs/reports/coastal_impact_score.csv
2026-04-20 15:59:51,256 | INFO | [COASTAL IMPACT] Completed
2026-04-20 15:59:51,445 | INFO | [FINAL VIS] Wrote outputs/plots/final_environmental_pressure_map.png
2026-04-20 15:59:51,445 | INFO | [FINAL VIS] Completed
2026-04-20 15:59:51,446 | INFO | [FEATURE TABLE: Water Quality]
2026-04-20 15:59:51,447 | INFO | Feature                      Description                                      Stats
2026-04-20 15:59:51,447 | INFO | ------------------------------------------------------------------------------------------------------------
2026-04-20 15:59:51,447 | INFO | NDCI                         Normalized Difference Chlorophyll Index          mean=0.0383, std=0.1419, coverage=18.2%
2026-04-20 15:59:51,447 | INFO | NDTI                         Normalized Difference Turbidity Index            mean=-0.1375, std=0.1474, coverage=18.2%
2026-04-20 15:59:51,447 | INFO | NDWI                         Normalized Difference Water Index                mean=0.0588, std=0.3491, coverage=18.2%
2026-04-20 15:59:51,447 | INFO | B4/B3                        Red/Green reflectance ratio proxy                missing
2026-04-20 15:59:51,447 | INFO | FAI                          Floating Algae Index                             mean=0.0480, std=0.0680, coverage=18.2%
2026-04-20 15:59:51,447 | INFO | SWIR B11                     Sentinel-2 SWIR band 11                          mean=0.1004, std=0.1308, coverage=18.2%
2026-04-20 15:59:51,447 | INFO | SST                          Sea Surface Temperature                          missing
2026-04-20 15:59:51,447 | INFO | [FEATURE TABLE: Maritime Activity]
2026-04-20 15:59:51,447 | INFO | Feature                      Description                                      Stats
2026-04-20 15:59:51,447 | INFO | ------------------------------------------------------------------------------------------------------------
2026-04-20 15:59:51,447 | INFO | vessel_density               AIS/EMODnet vessel density proxy                 mean=0.5255, std=1.8281, coverage=75.9%
2026-04-20 15:59:51,447 | INFO | total_density                Total traffic density aggregate                  missing
2026-04-20 15:59:51,447 | INFO | density_total_log            Log-transformed vessel density                   missing
2026-04-20 15:59:51,447 | INFO | seasonal_metrics             Seasonal activity indicators                     missing
2026-04-20 15:59:51,448 | INFO | [FEATURE TABLE: Atmospheric]
2026-04-20 15:59:51,448 | INFO | Feature                      Description                                      Stats
2026-04-20 15:59:51,448 | INFO | ------------------------------------------------------------------------------------------------------------
2026-04-20 15:59:51,448 | INFO | NO2 mean                     Weekly tropospheric NO2 mean                     mean=0.0000, std=0.0000, coverage=89.9%
2026-04-20 15:59:51,448 | INFO | NO2 variability              Weekly NO2 variability (std)                     mean=0.0000, std=0.0000, coverage=89.9%
2026-04-20 15:59:51,448 | INFO | Sentinel-1 disturbance proxy Dark-water anomaly probability/count             mean=0.2143, std=0.2551, coverage=38.2%
2026-04-20 15:59:51,448 | INFO | [FEATURE TABLE: Exposure]
2026-04-20 15:59:51,448 | INFO | Feature                      Description                                      Stats
2026-04-20 15:59:51,448 | INFO | ------------------------------------------------------------------------------------------------------------
2026-04-20 15:59:51,448 | INFO | distance_to_port             Distance from grid cell to nearest port          missing
2026-04-20 15:59:51,448 | INFO | distance_to_lane             Distance to major shipping corridor              missing
2026-04-20 15:59:51,448 | INFO | [FEATURE TABLE: Validation]
2026-04-20 15:59:51,448 | INFO | Feature                      Description                                      Stats
2026-04-20 15:59:51,448 | INFO | ------------------------------------------------------------------------------------------------------------
2026-04-20 15:59:51,448 | INFO | chlorophyll-a in-situ        In-situ chlorophyll validation reference         missing
2026-04-20 15:59:51,448 | INFO | EQRS score                   Ecological quality ratio score                   missing
2026-04-20 15:59:51,448 | INFO | water quality class          Categorical water quality label                  missing
2026-04-20 15:59:51,448 | INFO | === Full Pipeline Complete ===
2026-04-20 15:59:51,448 | INFO | Summary written: /Users/sameedahmed/Documents/Playground/data/validation/full_pipeline_run_summary.json
2026-04-20 15:59:51,448 | INFO | [GLOBAL FEATURE REGISTRY SUMMARY]
2026-04-20 15:59:51,448 | INFO | - Water Quality: 14 features
2026-04-20 15:59:51,449 | INFO | - Maritime: 8 features
2026-04-20 15:59:51,449 | INFO | - Atmospheric: 9 features
2026-04-20 15:59:51,449 | INFO | - Exposure: 2 features
2026-04-20 15:59:51,449 | INFO | - Validation: 3 features
2026-04-20 15:59:51,449 | INFO | - Total features: 36
2026-04-20 15:59:51,449 | INFO | Feature registry summary written: /Users/sameedahmed/Documents/Playground/data/validation/feature_registry_summary.json
2026-04-20 15:59:51,449 | INFO | [THESIS SUMMARY] Top 10 coastal impact zones
2026-04-20 15:59:51,460 | INFO | - g0.100_r1503_c2022 | 2023-12-17 00:00:00+00:00 | score=1.0000
2026-04-20 15:59:51,460 | INFO | - g0.100_r1503_c2022 | 2023-12-10 00:00:00+00:00 | score=1.0000
2026-04-20 15:59:51,460 | INFO | - g0.100_r1503_c2022 | 2023-12-03 00:00:00+00:00 | score=1.0000
2026-04-20 15:59:51,460 | INFO | - g0.100_r1437_c1885 | 2023-12-03 00:00:00+00:00 | score=0.9294
2026-04-20 15:59:51,460 | INFO | - g0.100_r1503_c2022 | 2023-01-01 00:00:00+00:00 | score=0.8118
2026-04-20 15:59:51,460 | INFO | - g0.100_r1503_c2022 | 2023-01-08 00:00:00+00:00 | score=0.8116
2026-04-20 15:59:51,460 | INFO | - g0.100_r1503_c2022 | 2023-03-05 00:00:00+00:00 | score=0.7892
2026-04-20 15:59:51,460 | INFO | - g0.100_r1503_c2022 | 2023-11-12 00:00:00+00:00 | score=0.7826
2026-04-20 15:59:51,460 | INFO | - g0.100_r1425_c1995 | 2023-02-05 00:00:00+00:00 | score=0.7763
2026-04-20 15:59:51,460 | INFO | - g0.100_r1503_c2022 | 2023-11-19 00:00:00+00:00 | score=0.7448
2026-04-20 15:59:51,460 | INFO | [THESIS SUMMARY] Top 10 anomalous grid-week events
2026-04-20 15:59:51,469 | INFO | - g0.100_r1503_c2022 | 2023-12-17 00:00:00+00:00 | anomaly=2.0388
2026-04-20 15:59:51,469 | INFO | - g0.100_r1503_c2022 | 2023-12-10 00:00:00+00:00 | anomaly=2.0388
2026-04-20 15:59:51,469 | INFO | - g0.100_r1503_c2022 | 2023-12-03 00:00:00+00:00 | anomaly=2.0388
2026-04-20 15:59:51,469 | INFO | - g0.100_r1437_c1885 | 2023-12-03 00:00:00+00:00 | anomaly=1.9163
2026-04-20 15:59:51,469 | INFO | - g0.100_r1503_c2022 | 2023-01-01 00:00:00+00:00 | anomaly=1.7123
2026-04-20 15:59:51,469 | INFO | - g0.100_r1503_c2022 | 2023-01-08 00:00:00+00:00 | anomaly=1.7120
2026-04-20 15:59:51,469 | INFO | - g0.100_r1503_c2022 | 2023-03-05 00:00:00+00:00 | anomaly=1.6731
2026-04-20 15:59:51,469 | INFO | - g0.100_r1503_c2022 | 2023-11-12 00:00:00+00:00 | anomaly=1.6618
2026-04-20 15:59:51,469 | INFO | - g0.100_r1425_c1995 | 2023-02-05 00:00:00+00:00 | anomaly=1.6508
2026-04-20 15:59:51,469 | INFO | - g0.100_r1503_c2022 | 2023-11-19 00:00:00+00:00 | anomaly=1.5961
2026-04-20 15:59:51,469 | INFO | [THESIS SUMMARY] Strongest cross-domain correlations
2026-04-20 15:59:51,474 | INFO | - ndwi_mean vs ndci_mean (spearman): -0.8759
2026-04-20 15:59:51,474 | INFO | - ndwi_mean vs ndci_mean (pearson): -0.8436
2026-04-20 15:59:51,474 | INFO | - ndwi_mean vs b11_mean (spearman): -0.8422
2026-04-20 15:59:51,474 | INFO | - ndci_mean vs fai_mean (spearman): 0.7957
2026-04-20 15:59:51,474 | INFO | - ndwi_mean vs fai_mean (spearman): -0.7890
2026-04-20 15:59:51,474 | INFO | - ndwi_mean vs fai_mean (pearson): -0.7747
2026-04-20 15:59:51,474 | INFO | - ndci_mean vs fai_mean (pearson): 0.7635
2026-04-20 15:59:51,474 | INFO | - ndci_mean vs b11_mean (spearman): 0.7281
2026-04-20 15:59:51,474 | INFO | - ndwi_mean vs ndti_mean (spearman): -0.7149
2026-04-20 15:59:51,474 | INFO | - ndti_mean vs b11_mean (pearson): 0.7003
