[EE][ERROR] context=s2.scene_count week=2023-06-25 attempt=1/3 error=EEException('Too Many Requests: Request was rejected because the request rate or concurrency limit was exceeded.')
[EE][TIMEOUT] context=s2.reduceRegions week=2023-09-03 attempt=1/3
[EE] Initialization successful
{
  "sentinel2_water_quality_validation": {
    "number_of_grid_week_observations": 16065,
    "expected_grid_week_pairs": 16065,
    "coverage_percent": 18.2322,
    "per_band_valid_counts": {
      "ndwi": 2929,
      "ndti": 2929,
      "ndci": 2929,
      "fai": 2929,
      "b11": 2929
    },
    "n_grids": 315,
    "n_weeks": 51,
    "cloud_cover_threshold": 60,
    "reduce_scale_m": 60,
    "collection_limit_per_week": 500,
    "data_policy": "GEE reducers only; no interpolation or synthetic water-quality filling"
  }
}
Wrote /Users/sameedahmed/Documents/Playground/data/aux/sentinel2_water_quality.parquet
